[4567] Log opened at 2024-03-03 05:57:14.589380
[4567] [Config] INFO: Control socket set up succesfully: '@xdebug-ctrl.4567'
[4567] [Step Debug] INFO: Checking for client discovery headers: 'HTTP_X_FORWARDED_FOR,REMOTE_ADDR'.
[4567] [Step Debug] INFO: Checking header 'HTTP_X_FORWARDED_FOR'.
[4567] [Step Debug] INFO: Checking header 'REMOTE_ADDR'.
[4567] [Step Debug] WARN: Could not discover client host through HTTP headers, connecting to configured address/port: host.docker.internal:9003.
[4567] [Step Debug] WARN: Creating socket for 'host.docker.internal:9003', poll success, but error: Operation now in progress (29).
[4567] [Step Debug] ERR: Could not connect to debugging client. Tried: host.docker.internal:9003 (fallback through xdebug.client_host/xdebug.client_port).
[4567] Log closed at 2024-03-03 05:57:14.714929

[2112] Log opened at 2024-03-03 06:59:45.730350
[2112] [Config] INFO: Control socket set up succesfully: '@xdebug-ctrl.2112'
[2112] [Step Debug] INFO: Checking for client discovery headers: 'HTTP_X_FORWARDED_FOR,REMOTE_ADDR'.
[2112] [Step Debug] INFO: Checking header 'HTTP_X_FORWARDED_FOR'.
[2112] [Step Debug] INFO: Checking header 'REMOTE_ADDR'.
[2112] [Step Debug] WARN: Could not discover client host through HTTP headers, connecting to configured address/port: host.docker.internal:9003.
[2112] [Step Debug] WARN: Creating socket for 'host.docker.internal:9003', poll success, but error: Operation now in progress (29).
[2112] [Step Debug] ERR: Could not connect to debugging client. Tried: host.docker.internal:9003 (fallback through xdebug.client_host/xdebug.client_port).
[2355] Log opened at 2024-03-03 06:59:49.580781
[2355] [Config] INFO: Control socket set up succesfully: '@xdebug-ctrl.2355'
[2355] [Step Debug] INFO: Checking for client discovery headers: 'HTTP_X_FORWARDED_FOR,REMOTE_ADDR'.
[2355] [Step Debug] INFO: Checking header 'HTTP_X_FORWARDED_FOR'.
[2355] [Step Debug] INFO: Checking header 'REMOTE_ADDR'.
[2355] [Step Debug] WARN: Could not discover client host through HTTP headers, connecting to configured address/port: host.docker.internal:9003.
[2355] [Step Debug] WARN: Creating socket for 'host.docker.internal:9003', poll success, but error: Operation now in progress (29).
[2355] [Step Debug] ERR: Could not connect to debugging client. Tried: host.docker.internal:9003 (fallback through xdebug.client_host/xdebug.client_port).
[2355] Log closed at 2024-03-03 06:59:49.581446

[3481] Log opened at 2024-03-03 07:00:02.933309
[3481] [Config] INFO: Control socket set up succesfully: '@xdebug-ctrl.3481'
[3481] [Step Debug] INFO: Checking for client discovery headers: 'HTTP_X_FORWARDED_FOR,REMOTE_ADDR'.
[3481] [Step Debug] INFO: Checking header 'HTTP_X_FORWARDED_FOR'.
[3481] [Step Debug] INFO: Checking header 'REMOTE_ADDR'.
[3481] [Step Debug] WARN: Could not discover client host through HTTP headers, connecting to configured address/port: host.docker.internal:9003.
[3481] [Step Debug] WARN: Creating socket for 'host.docker.internal:9003', poll success, but error: Operation now in progress (29).
[3481] [Step Debug] ERR: Could not connect to debugging client. Tried: host.docker.internal:9003 (fallback through xdebug.client_host/xdebug.client_port).
[3481] [Step Debug] INFO: Checking for client discovery headers: 'HTTP_X_FORWARDED_FOR,REMOTE_ADDR'.
[3481] [Step Debug] INFO: Checking header 'HTTP_X_FORWARDED_FOR'.
[3481] [Step Debug] INFO: Checking header 'REMOTE_ADDR'.
[3481] [Step Debug] WARN: Could not discover client host through HTTP headers, connecting to configured address/port: host.docker.internal:9003.
[3481] [Step Debug] WARN: Creating socket for 'host.docker.internal:9003', poll success, but error: Operation now in progress (29).
[3481] [Step Debug] ERR: Could not connect to debugging client. Tried: host.docker.internal:9003 (fallback through xdebug.client_host/xdebug.client_port).
[3481] Log closed at 2024-03-03 07:00:03.093270

[3484] Log opened at 2024-03-03 07:00:03.288545
[3484] [Config] INFO: Control socket set up succesfully: '@xdebug-ctrl.3484'
[3484] [Step Debug] INFO: Checking for client discovery headers: 'HTTP_X_FORWARDED_FOR,REMOTE_ADDR'.
[3484] [Step Debug] INFO: Checking header 'HTTP_X_FORWARDED_FOR'.
[3484] [Step Debug] INFO: Checking header 'REMOTE_ADDR'.
[3484] [Step Debug] WARN: Could not discover client host through HTTP headers, connecting to configured address/port: host.docker.internal:9003.
[3484] [Step Debug] WARN: Creating socket for 'host.docker.internal:9003', poll success, but error: Operation now in progress (29).
[3484] [Step Debug] ERR: Could not connect to debugging client. Tried: host.docker.internal:9003 (fallback through xdebug.client_host/xdebug.client_port).
[3484] [Step Debug] INFO: Checking for client discovery headers: 'HTTP_X_FORWARDED_FOR,REMOTE_ADDR'.
[3484] [Step Debug] INFO: Checking header 'HTTP_X_FORWARDED_FOR'.
[3484] [Step Debug] INFO: Checking header 'REMOTE_ADDR'.
[3484] [Step Debug] WARN: Could not discover client host through HTTP headers, connecting to configured address/port: host.docker.internal:9003.
[3484] [Step Debug] WARN: Creating socket for 'host.docker.internal:9003', poll success, but error: Operation now in progress (29).
[3484] [Step Debug] ERR: Could not connect to debugging client. Tried: host.docker.internal:9003 (fallback through xdebug.client_host/xdebug.client_port).
[3484] Log closed at 2024-03-03 07:00:03.419991

[3493] Log opened at 2024-03-03 07:00:03.730795
[3493] [Config] INFO: Control socket set up succesfully: '@xdebug-ctrl.3493'
[3493] [Step Debug] INFO: Checking for client discovery headers: 'HTTP_X_FORWARDED_FOR,REMOTE_ADDR'.
[3493] [Step Debug] INFO: Checking header 'HTTP_X_FORWARDED_FOR'.
[3493] [Step Debug] INFO: Checking header 'REMOTE_ADDR'.
[3493] [Step Debug] WARN: Could not discover client host through HTTP headers, connecting to configured address/port: host.docker.internal:9003.
[3493] [Step Debug] WARN: Creating socket for 'host.docker.internal:9003', poll success, but error: Operation now in progress (29).
[3493] [Step Debug] ERR: Could not connect to debugging client. Tried: host.docker.internal:9003 (fallback through xdebug.client_host/xdebug.client_port).
[3493] [Step Debug] INFO: Checking for client discovery headers: 'HTTP_X_FORWARDED_FOR,REMOTE_ADDR'.
[3493] [Step Debug] INFO: Checking header 'HTTP_X_FORWARDED_FOR'.
[3493] [Step Debug] INFO: Checking header 'REMOTE_ADDR'.
[3493] [Step Debug] WARN: Could not discover client host through HTTP headers, connecting to configured address/port: host.docker.internal:9003.
[3493] [Step Debug] WARN: Creating socket for 'host.docker.internal:9003', poll success, but error: Operation now in progress (29).
[3493] [Step Debug] ERR: Could not connect to debugging client. Tried: host.docker.internal:9003 (fallback through xdebug.client_host/xdebug.client_port).
[3493] Log closed at 2024-03-03 07:00:03.855037

[2112] Log closed at 2024-03-03 07:00:03.912000

[1639] Log opened at 2024-03-03 08:33:42.113535
[1639] [Config] INFO: Control socket set up succesfully: '@xdebug-ctrl.1639'
[1639] [Step Debug] INFO: Checking for client discovery headers: 'HTTP_X_FORWARDED_FOR,REMOTE_ADDR'.
[1639] [Step Debug] INFO: Checking header 'HTTP_X_FORWARDED_FOR'.
[1639] [Step Debug] INFO: Checking header 'REMOTE_ADDR'.
[1639] [Step Debug] WARN: Could not discover client host through HTTP headers, connecting to configured address/port: localhost:9003.
[1639] [Step Debug] WARN: Creating socket for 'localhost:9003', poll success, but error: Operation now in progress (29).
[1639] [Step Debug] WARN: Creating socket for 'localhost:9003', connect: Cannot assign requested address.
[1639] [Step Debug] ERR: Could not connect to debugging client. Tried: localhost:9003 (fallback through xdebug.client_host/xdebug.client_port).
[2007] Log opened at 2024-03-03 08:33:46.863239
[2007] [Config] INFO: Control socket set up succesfully: '@xdebug-ctrl.2007'
[2007] [Step Debug] INFO: Checking for client discovery headers: 'HTTP_X_FORWARDED_FOR,REMOTE_ADDR'.
[2007] [Step Debug] INFO: Checking header 'HTTP_X_FORWARDED_FOR'.
[2007] [Step Debug] INFO: Checking header 'REMOTE_ADDR'.
[2007] [Step Debug] WARN: Could not discover client host through HTTP headers, connecting to configured address/port: localhost:9003.
[2007] [Step Debug] WARN: Creating socket for 'localhost:9003', poll success, but error: Operation now in progress (29).
[2007] [Step Debug] WARN: Creating socket for 'localhost:9003', connect: Cannot assign requested address.
[2007] [Step Debug] ERR: Could not connect to debugging client. Tried: localhost:9003 (fallback through xdebug.client_host/xdebug.client_port).
[2007] Log closed at 2024-03-03 08:33:46.863960

[3015] Log opened at 2024-03-03 08:34:00.746736
[3015] [Config] INFO: Control socket set up succesfully: '@xdebug-ctrl.3015'
[3015] [Step Debug] INFO: Checking for client discovery headers: 'HTTP_X_FORWARDED_FOR,REMOTE_ADDR'.
[3015] [Step Debug] INFO: Checking header 'HTTP_X_FORWARDED_FOR'.
[3015] [Step Debug] INFO: Checking header 'REMOTE_ADDR'.
[3015] [Step Debug] WARN: Could not discover client host through HTTP headers, connecting to configured address/port: localhost:9003.
[3015] [Step Debug] WARN: Creating socket for 'localhost:9003', poll success, but error: Operation now in progress (29).
[3015] [Step Debug] WARN: Creating socket for 'localhost:9003', connect: Cannot assign requested address.
[3015] [Step Debug] ERR: Could not connect to debugging client. Tried: localhost:9003 (fallback through xdebug.client_host/xdebug.client_port).
[3015] [Step Debug] INFO: Checking for client discovery headers: 'HTTP_X_FORWARDED_FOR,REMOTE_ADDR'.
[3015] [Step Debug] INFO: Checking header 'HTTP_X_FORWARDED_FOR'.
[3015] [Step Debug] INFO: Checking header 'REMOTE_ADDR'.
[3015] [Step Debug] WARN: Could not discover client host through HTTP headers, connecting to configured address/port: localhost:9003.
[3015] [Step Debug] WARN: Creating socket for 'localhost:9003', poll success, but error: Operation now in progress (29).
[3015] [Step Debug] WARN: Creating socket for 'localhost:9003', connect: Cannot assign requested address.
[3015] [Step Debug] ERR: Could not connect to debugging client. Tried: localhost:9003 (fallback through xdebug.client_host/xdebug.client_port).
[3015] Log closed at 2024-03-03 08:34:00.912229

[3018] Log opened at 2024-03-03 08:34:01.115994
[3018] [Config] INFO: Control socket set up succesfully: '@xdebug-ctrl.3018'
[3018] [Step Debug] INFO: Checking for client discovery headers: 'HTTP_X_FORWARDED_FOR,REMOTE_ADDR'.
[3018] [Step Debug] INFO: Checking header 'HTTP_X_FORWARDED_FOR'.
[3018] [Step Debug] INFO: Checking header 'REMOTE_ADDR'.
[3018] [Step Debug] WARN: Could not discover client host through HTTP headers, connecting to configured address/port: localhost:9003.
[3018] [Step Debug] WARN: Creating socket for 'localhost:9003', poll success, but error: Operation now in progress (29).
[3018] [Step Debug] WARN: Creating socket for 'localhost:9003', connect: Cannot assign requested address.
[3018] [Step Debug] ERR: Could not connect to debugging client. Tried: localhost:9003 (fallback through xdebug.client_host/xdebug.client_port).
[3018] [Step Debug] INFO: Checking for client discovery headers: 'HTTP_X_FORWARDED_FOR,REMOTE_ADDR'.
[3018] [Step Debug] INFO: Checking header 'HTTP_X_FORWARDED_FOR'.
[3018] [Step Debug] INFO: Checking header 'REMOTE_ADDR'.
[3018] [Step Debug] WARN: Could not discover client host through HTTP headers, connecting to configured address/port: localhost:9003.
[3018] [Step Debug] WARN: Creating socket for 'localhost:9003', poll success, but error: Operation now in progress (29).
[3018] [Step Debug] WARN: Creating socket for 'localhost:9003', connect: Cannot assign requested address.
[3018] [Step Debug] ERR: Could not connect to debugging client. Tried: localhost:9003 (fallback through xdebug.client_host/xdebug.client_port).
[3018] Log closed at 2024-03-03 08:34:01.238366

[3024] Log opened at 2024-03-03 08:34:01.464245
[3024] [Config] INFO: Control socket set up succesfully: '@xdebug-ctrl.3024'
[3024] [Step Debug] INFO: Checking for client discovery headers: 'HTTP_X_FORWARDED_FOR,REMOTE_ADDR'.
[3024] [Step Debug] INFO: Checking header 'HTTP_X_FORWARDED_FOR'.
[3024] [Step Debug] INFO: Checking header 'REMOTE_ADDR'.
[3024] [Step Debug] WARN: Could not discover client host through HTTP headers, connecting to configured address/port: localhost:9003.
[3024] [Step Debug] WARN: Creating socket for 'localhost:9003', poll success, but error: Operation now in progress (29).
[3024] [Step Debug] WARN: Creating socket for 'localhost:9003', connect: Cannot assign requested address.
[3024] [Step Debug] ERR: Could not connect to debugging client. Tried: localhost:9003 (fallback through xdebug.client_host/xdebug.client_port).
[3024] [Step Debug] INFO: Checking for client discovery headers: 'HTTP_X_FORWARDED_FOR,REMOTE_ADDR'.
[3024] [Step Debug] INFO: Checking header 'HTTP_X_FORWARDED_FOR'.
[3024] [Step Debug] INFO: Checking header 'REMOTE_ADDR'.
[3024] [Step Debug] WARN: Could not discover client host through HTTP headers, connecting to configured address/port: localhost:9003.
[3024] [Step Debug] WARN: Creating socket for 'localhost:9003', poll success, but error: Operation now in progress (29).
[3024] [Step Debug] WARN: Creating socket for 'localhost:9003', connect: Cannot assign requested address.
[3024] [Step Debug] ERR: Could not connect to debugging client. Tried: localhost:9003 (fallback through xdebug.client_host/xdebug.client_port).
[3024] Log closed at 2024-03-03 08:34:01.570445

[1639] Log closed at 2024-03-03 08:34:01.614514

